<?xml version="1.0" encoding="UTF-8"?>
<!-- Generated by org.testng.reporters.JUnitReportReporter -->
<testsuite hostname="QT-INBG-LT0251" failures="0" tests="5" name="Login" time="56.353" errors="0" timestamp="2022-06-17T23:27:11 IST" skipped="0">
  <testcase classname="Login" name="login" time="11.116"/>
  <system-out/>
  <testcase classname="Login" name="login" time="11.325"/>
  <system-out/>
  <testcase classname="Login" name="login" time="11.679"/>
  <system-out/>
  <testcase classname="Login" name="login" time="11.300"/>
  <system-out/>
  <testcase classname="Login" name="login" time="10.933"/>
  <system-out/>
</testsuite> <!-- Login -->
